<?xml version="1.0" encoding="UTF-8"?>
<!-- Generated by org.testng.reporters.JUnitReportReporter -->
<testsuite skipped="0" hostname="DESKTOP-6J5OR08" name="com.openweather.automation.testrunner.TestRunner" tests="1" failures="0" timestamp="04 Sep 2019 16:20:08 GMT" time="10.907" errors="0">
  <testcase name="feature" time="10.907" classname="com.openweather.automation.testrunner.TestRunner"/>
</testsuite> <!-- com.openweather.automation.testrunner.TestRunner -->
